app/build/intermediates/manifest_merge_blame_file/debug/processDebugMainManifest/manifest-merger-blame-debug-report.txt
1<?xml version="1.0" encoding="utf-8"?>
2<manifest xmlns:android="http://schemas.android.com/apk/res/android"
3    package="com.example.unimind"
4    android:versionCode="1"
5    android:versionName="1.0" >
6
7    <uses-sdk
8        android:minSdkVersion="24"
9        android:targetSdkVersion="35" />
10
11    <uses-permission android:name="android.permission.INTERNET" />
11-->src\main\AndroidManifest.xml:5:5-67
11-->src\main\AndroidManifest.xml:5:22-64
12    <uses-permission android:name="android.permission.INTERNET" />
12-->src\main\AndroidManifest.xml:5:5-67
12-->src\main\AndroidManifest.xml:5:22-64
13
14    <!--
15    This is needed to write benchmark report data to an external directory during instrumented
16    tests to allow the accompanying androidx.benchmark gradle plugin to pull the reports onto host
17     machine after the tests are done running.
18    -->
19    <uses-permission android:name="android.permission.WRITE_EXTERNAL_STORAGE" />
19-->[androidx.benchmark:benchmark-common:1.3.3] AndroidManifest.xml:27:5-81
19-->[androidx.benchmark:benchmark-common:1.3.3] AndroidManifest.xml:27:22-78
20    <uses-permission android:name="android.permission.READ_EXTERNAL_STORAGE" />
21    <uses-permission android:name="android.permission.QUERY_ALL_PACKAGES" />
21-->[androidx.benchmark:benchmark-macro:1.3.3] AndroidManifest.xml:23:5-25:53
21-->[androidx.benchmark:benchmark-macro:1.3.3] AndroidManifest.xml:24:9-61
22    <uses-permission android:name="android.permission.REORDER_TASKS" />
22-->[androidx.test:core:1.6.1] AndroidManifest.xml:24:5-72
22-->[androidx.test:core:1.6.1] AndroidManifest.xml:24:22-69
23
24    <permission
24-->[androidx.core:core:1.15.0] AndroidManifest.xml:22:5-24:47
25        android:name="com.example.unimind.DYNAMIC_RECEIVER_NOT_EXPORTED_PERMISSION"
25-->[androidx.core:core:1.15.0] AndroidManifest.xml:23:9-81
26        android:protectionLevel="signature" />
26-->[androidx.core:core:1.15.0] AndroidManifest.xml:24:9-44
27
28    <uses-permission android:name="com.example.unimind.DYNAMIC_RECEIVER_NOT_EXPORTED_PERMISSION" />
28-->[androidx.core:core:1.15.0] AndroidManifest.xml:26:5-97
28-->[androidx.core:core:1.15.0] AndroidManifest.xml:26:22-94
29
30    <application
30-->src\main\AndroidManifest.xml:7:5-30:19
31        android:allowBackup="true"
31-->src\main\AndroidManifest.xml:10:9-35
32        android:appComponentFactory="androidx.core.app.CoreComponentFactory"
32-->[androidx.core:core:1.15.0] AndroidManifest.xml:28:18-86
33        android:dataExtractionRules="@xml/data_extraction_rules"
33-->src\main\AndroidManifest.xml:11:9-65
34        android:debuggable="true"
35        android:extractNativeLibs="false"
36        android:fullBackupContent="@xml/backup_rules"
36-->src\main\AndroidManifest.xml:12:9-54
37        android:icon="@mipmap/ic_launcher"
37-->src\main\AndroidManifest.xml:13:9-43
38        android:label="@string/app_name"
38-->src\main\AndroidManifest.xml:14:9-41
39        android:networkSecurityConfig="@xml/network_security_config"
39-->src\main\AndroidManifest.xml:9:9-69
40        android:roundIcon="@mipmap/ic_launcher_round"
40-->src\main\AndroidManifest.xml:15:9-54
41        android:supportsRtl="true"
41-->src\main\AndroidManifest.xml:16:9-35
42        android:testOnly="true"
43        android:theme="@style/Theme.Unimind"
43-->src\main\AndroidManifest.xml:17:9-45
44        android:usesCleartextTraffic="true" >
44-->src\main\AndroidManifest.xml:8:9-44
45        <activity
45-->src\main\AndroidManifest.xml:19:9-29:20
46            android:name="com.example.unimind.MainActivity"
46-->src\main\AndroidManifest.xml:20:13-41
47            android:exported="true"
47-->src\main\AndroidManifest.xml:21:13-36
48            android:label="@string/app_name"
48-->src\main\AndroidManifest.xml:22:13-45
49            android:theme="@style/Theme.Unimind" >
49-->src\main\AndroidManifest.xml:23:13-49
50            <intent-filter>
50-->src\main\AndroidManifest.xml:24:13-28:29
51                <action android:name="android.intent.action.MAIN" />
51-->src\main\AndroidManifest.xml:25:17-69
51-->src\main\AndroidManifest.xml:25:25-66
52
53                <category android:name="android.intent.category.LAUNCHER" />
53-->src\main\AndroidManifest.xml:27:17-77
53-->src\main\AndroidManifest.xml:27:27-74
54            </intent-filter>
55        </activity>
56        <!-- Activity used to block background content while benchmarks are running -->
57        <activity
57-->[androidx.benchmark:benchmark-common:1.3.3] AndroidManifest.xml:32:9-36:20
58            android:name="androidx.benchmark.IsolationActivity"
58-->[androidx.benchmark:benchmark-common:1.3.3] AndroidManifest.xml:33:13-64
59            android:exported="true"
59-->[androidx.benchmark:benchmark-common:1.3.3] AndroidManifest.xml:34:13-36
60            android:theme="@android:style/Theme.Light.NoTitleBar.Fullscreen" >
60-->[androidx.benchmark:benchmark-common:1.3.3] AndroidManifest.xml:35:13-77
61        </activity>
62        <activity
62-->[androidx.test:core:1.6.1] AndroidManifest.xml:27:9-34:20
63            android:name="androidx.test.core.app.InstrumentationActivityInvoker$BootstrapActivity"
63-->[androidx.test:core:1.6.1] AndroidManifest.xml:28:13-99
64            android:exported="true"
64-->[androidx.test:core:1.6.1] AndroidManifest.xml:29:13-36
65            android:theme="@style/WhiteBackgroundTheme" >
65-->[androidx.test:core:1.6.1] AndroidManifest.xml:30:13-56
66            <intent-filter android:priority="-100" >
66-->[androidx.test:core:1.6.1] AndroidManifest.xml:31:13-33:29
66-->[androidx.test:core:1.6.1] AndroidManifest.xml:31:28-51
67                <category android:name="android.intent.category.LAUNCHER" />
67-->src\main\AndroidManifest.xml:27:17-77
67-->src\main\AndroidManifest.xml:27:27-74
68            </intent-filter>
69        </activity>
70        <activity
70-->[androidx.test:core:1.6.1] AndroidManifest.xml:35:9-42:20
71            android:name="androidx.test.core.app.InstrumentationActivityInvoker$EmptyActivity"
71-->[androidx.test:core:1.6.1] AndroidManifest.xml:36:13-95
72            android:exported="true"
72-->[androidx.test:core:1.6.1] AndroidManifest.xml:37:13-36
73            android:theme="@style/WhiteBackgroundTheme" >
73-->[androidx.test:core:1.6.1] AndroidManifest.xml:38:13-56
74            <intent-filter android:priority="-100" >
74-->[androidx.test:core:1.6.1] AndroidManifest.xml:31:13-33:29
74-->[androidx.test:core:1.6.1] AndroidManifest.xml:31:28-51
75                <category android:name="android.intent.category.LAUNCHER" />
75-->src\main\AndroidManifest.xml:27:17-77
75-->src\main\AndroidManifest.xml:27:27-74
76            </intent-filter>
77        </activity>
78        <activity
78-->[androidx.test:core:1.6.1] AndroidManifest.xml:43:9-50:20
79            android:name="androidx.test.core.app.InstrumentationActivityInvoker$EmptyFloatingActivity"
79-->[androidx.test:core:1.6.1] AndroidManifest.xml:44:13-103
80            android:exported="true"
80-->[androidx.test:core:1.6.1] AndroidManifest.xml:45:13-36
81            android:theme="@style/WhiteBackgroundDialogTheme" >
81-->[androidx.test:core:1.6.1] AndroidManifest.xml:46:13-62
82            <intent-filter android:priority="-100" >
82-->[androidx.test:core:1.6.1] AndroidManifest.xml:31:13-33:29
82-->[androidx.test:core:1.6.1] AndroidManifest.xml:31:28-51
83                <category android:name="android.intent.category.LAUNCHER" />
83-->src\main\AndroidManifest.xml:27:17-77
83-->src\main\AndroidManifest.xml:27:27-74
84            </intent-filter>
85        </activity>
86        <activity
86-->[androidx.compose.ui:ui-tooling-android:1.7.8] AndroidManifest.xml:23:9-25:39
87            android:name="androidx.compose.ui.tooling.PreviewActivity"
87-->[androidx.compose.ui:ui-tooling-android:1.7.8] AndroidManifest.xml:24:13-71
88            android:exported="true" />
88-->[androidx.compose.ui:ui-tooling-android:1.7.8] AndroidManifest.xml:25:13-36
89
90        <provider
90-->[androidx.emoji2:emoji2:1.3.0] AndroidManifest.xml:24:9-32:20
91            android:name="androidx.startup.InitializationProvider"
91-->[androidx.emoji2:emoji2:1.3.0] AndroidManifest.xml:25:13-67
92            android:authorities="com.example.unimind.androidx-startup"
92-->[androidx.emoji2:emoji2:1.3.0] AndroidManifest.xml:26:13-68
93            android:exported="false" >
93-->[androidx.emoji2:emoji2:1.3.0] AndroidManifest.xml:27:13-37
94            <meta-data
94-->[androidx.emoji2:emoji2:1.3.0] AndroidManifest.xml:29:13-31:52
95                android:name="androidx.emoji2.text.EmojiCompatInitializer"
95-->[androidx.emoji2:emoji2:1.3.0] AndroidManifest.xml:30:17-75
96                android:value="androidx.startup" />
96-->[androidx.emoji2:emoji2:1.3.0] AndroidManifest.xml:31:17-49
97            <meta-data
97-->[androidx.lifecycle:lifecycle-process:2.9.0] AndroidManifest.xml:29:13-31:52
98                android:name="androidx.lifecycle.ProcessLifecycleInitializer"
98-->[androidx.lifecycle:lifecycle-process:2.9.0] AndroidManifest.xml:30:17-78
99                android:value="androidx.startup" />
99-->[androidx.lifecycle:lifecycle-process:2.9.0] AndroidManifest.xml:31:17-49
100            <meta-data
100-->[androidx.tracing:tracing-perfetto:1.0.0] AndroidManifest.xml:44:13-46:52
101                android:name="androidx.tracing.perfetto.StartupTracingInitializer"
101-->[androidx.tracing:tracing-perfetto:1.0.0] AndroidManifest.xml:45:17-83
102                android:value="androidx.startup" />
102-->[androidx.tracing:tracing-perfetto:1.0.0] AndroidManifest.xml:46:17-49
103            <meta-data
103-->[androidx.profileinstaller:profileinstaller:1.4.0] AndroidManifest.xml:29:13-31:52
104                android:name="androidx.profileinstaller.ProfileInstallerInitializer"
104-->[androidx.profileinstaller:profileinstaller:1.4.0] AndroidManifest.xml:30:17-85
105                android:value="androidx.startup" />
105-->[androidx.profileinstaller:profileinstaller:1.4.0] AndroidManifest.xml:31:17-49
106        </provider>
107
108        <activity
108-->[androidx.compose.ui:ui-test-manifest:1.7.8] AndroidManifest.xml:23:9-25:39
109            android:name="androidx.activity.ComponentActivity"
109-->[androidx.compose.ui:ui-test-manifest:1.7.8] AndroidManifest.xml:24:13-63
110            android:exported="true" />
110-->[androidx.compose.ui:ui-test-manifest:1.7.8] AndroidManifest.xml:25:13-36
111
112        <service
112-->[androidx.room:room-runtime-android:2.7.2] AndroidManifest.xml:24:9-28:63
113            android:name="androidx.room.MultiInstanceInvalidationService"
113-->[androidx.room:room-runtime-android:2.7.2] AndroidManifest.xml:25:13-74
114            android:directBootAware="true"
114-->[androidx.room:room-runtime-android:2.7.2] AndroidManifest.xml:26:13-43
115            android:exported="false" />
115-->[androidx.room:room-runtime-android:2.7.2] AndroidManifest.xml:27:13-37
116
117        <receiver
117-->[androidx.tracing:tracing-perfetto:1.0.0] AndroidManifest.xml:24:9-37:20
118            android:name="androidx.tracing.perfetto.TracingReceiver"
118-->[androidx.tracing:tracing-perfetto:1.0.0] AndroidManifest.xml:25:13-69
119            android:directBootAware="false"
119-->[androidx.tracing:tracing-perfetto:1.0.0] AndroidManifest.xml:26:13-44
120            android:enabled="true"
120-->[androidx.tracing:tracing-perfetto:1.0.0] AndroidManifest.xml:27:13-35
121            android:exported="true"
121-->[androidx.tracing:tracing-perfetto:1.0.0] AndroidManifest.xml:28:13-36
122            android:permission="android.permission.DUMP" >
122-->[androidx.tracing:tracing-perfetto:1.0.0] AndroidManifest.xml:29:13-57
123
124            <!-- Note: DUMP above highly limits who can call the receiver; Shell has DUMP perm. -->
125            <intent-filter>
125-->[androidx.tracing:tracing-perfetto:1.0.0] AndroidManifest.xml:32:13-36:29
126                <action android:name="androidx.tracing.perfetto.action.ENABLE_TRACING" />
126-->[androidx.tracing:tracing-perfetto:1.0.0] AndroidManifest.xml:33:17-90
126-->[androidx.tracing:tracing-perfetto:1.0.0] AndroidManifest.xml:33:25-87
127                <action android:name="androidx.tracing.perfetto.action.ENABLE_TRACING_COLD_START" />
127-->[androidx.tracing:tracing-perfetto:1.0.0] AndroidManifest.xml:34:17-101
127-->[androidx.tracing:tracing-perfetto:1.0.0] AndroidManifest.xml:34:25-98
128                <action android:name="androidx.tracing.perfetto.action.DISABLE_TRACING_COLD_START" />
128-->[androidx.tracing:tracing-perfetto:1.0.0] AndroidManifest.xml:35:17-102
128-->[androidx.tracing:tracing-perfetto:1.0.0] AndroidManifest.xml:35:25-99
129            </intent-filter>
130        </receiver>
131        <receiver
131-->[androidx.tracing:tracing-perfetto:1.0.0] AndroidManifest.xml:49:9-55:20
132            android:name="androidx.tracing.perfetto.StartupTracingConfigStoreIsEnabledGate"
132-->[androidx.tracing:tracing-perfetto:1.0.0] AndroidManifest.xml:50:13-92
133            android:directBootAware="false"
133-->[androidx.tracing:tracing-perfetto:1.0.0] AndroidManifest.xml:51:13-44
134            android:enabled="false"
134-->[androidx.tracing:tracing-perfetto:1.0.0] AndroidManifest.xml:52:13-36
135            android:exported="false" >
135-->[androidx.tracing:tracing-perfetto:1.0.0] AndroidManifest.xml:53:13-37
136        </receiver>
137        <receiver
137-->[androidx.profileinstaller:profileinstaller:1.4.0] AndroidManifest.xml:34:9-52:20
138            android:name="androidx.profileinstaller.ProfileInstallReceiver"
138-->[androidx.profileinstaller:profileinstaller:1.4.0] AndroidManifest.xml:35:13-76
139            android:directBootAware="false"
139-->[androidx.profileinstaller:profileinstaller:1.4.0] AndroidManifest.xml:36:13-44
140            android:enabled="true"
140-->[androidx.profileinstaller:profileinstaller:1.4.0] AndroidManifest.xml:37:13-35
141            android:exported="true"
141-->[androidx.profileinstaller:profileinstaller:1.4.0] AndroidManifest.xml:38:13-36
142            android:permission="android.permission.DUMP" >
142-->[androidx.profileinstaller:profileinstaller:1.4.0] AndroidManifest.xml:39:13-57
143            <intent-filter>
143-->[androidx.profileinstaller:profileinstaller:1.4.0] AndroidManifest.xml:40:13-42:29
144                <action android:name="androidx.profileinstaller.action.INSTALL_PROFILE" />
144-->[androidx.profileinstaller:profileinstaller:1.4.0] AndroidManifest.xml:41:17-91
144-->[androidx.profileinstaller:profileinstaller:1.4.0] AndroidManifest.xml:41:25-88
145            </intent-filter>
146            <intent-filter>
146-->[androidx.profileinstaller:profileinstaller:1.4.0] AndroidManifest.xml:43:13-45:29
147                <action android:name="androidx.profileinstaller.action.SKIP_FILE" />
147-->[androidx.profileinstaller:profileinstaller:1.4.0] AndroidManifest.xml:44:17-85
147-->[androidx.profileinstaller:profileinstaller:1.4.0] AndroidManifest.xml:44:25-82
148            </intent-filter>
149            <intent-filter>
149-->[androidx.profileinstaller:profileinstaller:1.4.0] AndroidManifest.xml:46:13-48:29
150                <action android:name="androidx.profileinstaller.action.SAVE_PROFILE" />
150-->[androidx.profileinstaller:profileinstaller:1.4.0] AndroidManifest.xml:47:17-88
150-->[androidx.profileinstaller:profileinstaller:1.4.0] AndroidManifest.xml:47:25-85
151            </intent-filter>
152            <intent-filter>
152-->[androidx.profileinstaller:profileinstaller:1.4.0] AndroidManifest.xml:49:13-51:29
153                <action android:name="androidx.profileinstaller.action.BENCHMARK_OPERATION" />
153-->[androidx.profileinstaller:profileinstaller:1.4.0] AndroidManifest.xml:50:17-95
153-->[androidx.profileinstaller:profileinstaller:1.4.0] AndroidManifest.xml:50:25-92
154            </intent-filter>
155        </receiver>
156    </application>
157
158</manifest>